<?xml version="1.0" encoding="UTF-8"?>
<!-- Generated by org.testng.reporters.JUnitReportReporter -->
<testsuite hostname="Ashwani" failures="0" tests="1" name="pkg.registerpage" time="0.708" errors="0" timestamp="2024-04-06T19:05:05 IST" skipped="0">
  <testcase classname="pkg.registerpage" name="test" time="0.708"/>
  <system-out/>
</testsuite> <!-- pkg.registerpage -->
