<?xml version="1.0" encoding="UTF-8"?>
<!-- Generated by org.testng.reporters.JUnitReportReporter -->
<testsuite hostname="Ashwani" failures="0" tests="1" name="pkg.screenshot" time="0.172" errors="0" timestamp="2024-04-06T19:24:51 IST" skipped="0">
  <testcase classname="pkg.screenshot" name="scrnsht" time="0.172"/>
  <system-out/>
</testsuite> <!-- pkg.screenshot -->
