<?xml version="1.0" encoding="UTF-8"?>
<!-- Generated by org.testng.reporters.JUnitReportReporter -->
<testsuite hostname="Ashwani" failures="0" tests="1" name="pkg.textverify" time="0.552" errors="0" timestamp="2024-04-06T19:22:18 IST" skipped="0">
  <testcase classname="pkg.textverify" name="buttontextverify" time="0.552"/>
  <system-out/>
</testsuite> <!-- pkg.textverify -->
