<?xml version="1.0" encoding="UTF-8"?>
<!-- Generated by org.testng.reporters.JUnitReportReporter -->
<testsuite hostname="Ashwani" failures="0" tests="1" name="pkg.homepage" time="0.494" errors="0" timestamp="2024-04-06T15:22:53 IST" skipped="0">
  <testcase classname="pkg.homepage" name="buttontextverify" time="0.494"/>
  <system-out/>
</testsuite> <!-- pkg.homepage -->
